2025-12-23 21:10:10 INFO  com.npav.net.tests.HomePageTest - ===== Starting verifyCurrentUrl Test =====
2025-12-23 21:10:10 INFO  com.npav.net.tests.HomePageTest - Fetched current URL: https://npav.net/
2025-12-23 21:10:10 INFO  com.npav.net.tests.HomePageTest - Assertion passed: Current URL matched expected value
2025-12-23 21:10:10 INFO  com.npav.net.tests.HomePageTest - ===== Completed verifyCurrentUrl Test =====
2025-12-23 21:10:10 INFO  com.npav.net.tests.HomePageTest - ===== Starting verifyHomePageTitle Test =====
2025-12-23 21:10:10 INFO  com.npav.net.tests.HomePageTest - Fetched page title: Best Antivirus for Your PC | Net Protector Antivirus
2025-12-23 21:10:10 INFO  com.npav.net.tests.HomePageTest - Assertion passed: Page title contains expected text
2025-12-23 21:10:10 INFO  com.npav.net.tests.HomePageTest - ===== Completed verifyHomePageTitle Test =====
2025-12-23 21:16:15 INFO  com.npav.net.utilities.TestListener - === Test Suite Started: npav.net ===
2025-12-23 21:16:20 INFO  com.npav.net.utilities.TestListener - >>> Starting Test: verifyCurrentUrl
2025-12-23 21:16:20 INFO  com.npav.net.tests.HomePageTest - ===== Starting verifyCurrentUrl Test =====
2025-12-23 21:16:20 INFO  com.npav.net.tests.HomePageTest - Fetched current URL: https://npav.net/
2025-12-23 21:16:20 INFO  com.npav.net.tests.HomePageTest - Assertion passed: Current URL matched expected value
2025-12-23 21:16:20 INFO  com.npav.net.tests.HomePageTest - ===== Completed verifyCurrentUrl Test =====
2025-12-23 21:16:20 INFO  com.npav.net.utilities.TestListener - ✔ Test Passed: verifyCurrentUrl
2025-12-23 21:16:20 INFO  com.npav.net.utilities.TestListener - >>> Starting Test: verifyHomePageTitle
2025-12-23 21:16:20 INFO  com.npav.net.tests.HomePageTest - ===== Starting verifyHomePageTitle Test =====
2025-12-23 21:16:20 INFO  com.npav.net.tests.HomePageTest - Fetched page title: Best Antivirus for Your PC | Net Protector Antivirus
2025-12-23 21:16:20 INFO  com.npav.net.tests.HomePageTest - Assertion passed: Page title contains expected text
2025-12-23 21:16:20 INFO  com.npav.net.tests.HomePageTest - ===== Completed verifyHomePageTitle Test =====
2025-12-23 21:16:20 INFO  com.npav.net.utilities.TestListener - ✔ Test Passed: verifyHomePageTitle
2025-12-23 21:16:21 INFO  com.npav.net.utilities.TestListener - === Test Suite Finished: npav.net ===
2025-12-23 21:37:19 INFO  com.npav.net.tests.HomePageTest - ===== Starting verifyHomePageTitle Test =====
2025-12-23 21:37:19 INFO  com.npav.net.tests.HomePageTest - Fetched page title: Best Antivirus for Your PC | Net Protector Antivirus
2025-12-23 21:37:19 INFO  com.npav.net.tests.HomePageTest - Assertion passed: Page title contains expected text
2025-12-23 21:37:19 INFO  com.npav.net.tests.HomePageTest - ===== Completed verifyHomePageTitle Test =====
2025-12-23 21:38:44 INFO  com.npav.net.tests.HomePageTest - ===== Starting verifyCurrentUrl Test =====
2025-12-23 21:38:45 INFO  com.npav.net.tests.HomePageTest - Fetched current URL: https://npav.net/
2025-12-23 21:38:45 INFO  com.npav.net.tests.HomePageTest - Assertion passed: Current URL matched expected value
2025-12-23 21:38:45 INFO  com.npav.net.tests.HomePageTest - ===== Completed verifyCurrentUrl Test =====
2025-12-23 21:38:45 INFO  com.npav.net.tests.HomePageTest - ===== Starting verifyHomePageTitle Test =====
2025-12-23 21:38:45 INFO  com.npav.net.tests.HomePageTest - Fetched page title: Best Antivirus for Your PC | Net Protector Antivirus
2025-12-23 21:38:45 INFO  com.npav.net.tests.HomePageTest - Assertion passed: Page title contains expected text
2025-12-23 21:38:45 INFO  com.npav.net.tests.HomePageTest - ===== Completed verifyHomePageTitle Test =====
2025-12-23 21:41:52 INFO  com.npav.net.tests.HomePageTest - ===== Starting verifyCurrentUrl Test =====
2025-12-23 21:41:52 INFO  com.npav.net.tests.HomePageTest - Fetched current URL: https://npav.net/
2025-12-23 21:41:52 INFO  com.npav.net.tests.HomePageTest - Assertion passed: Current URL matched expected value
2025-12-23 21:41:52 INFO  com.npav.net.tests.HomePageTest - ===== Completed verifyCurrentUrl Test =====
2025-12-23 21:41:52 INFO  com.npav.net.tests.HomePageTest - ===== Starting verifyHomePageTitle Test =====
2025-12-23 21:41:52 INFO  com.npav.net.tests.HomePageTest - Fetched page title: Best Antivirus for Your PC | Net Protector Antivirus
2025-12-23 21:41:52 INFO  com.npav.net.tests.HomePageTest - Assertion passed: Page title contains expected text
2025-12-23 21:41:52 INFO  com.npav.net.tests.HomePageTest - ===== Completed verifyHomePageTitle Test =====
2025-12-23 21:47:16 INFO  com.npav.net.tests.HomePageTest - ===== Starting verifyCurrentUrl Test =====
2025-12-23 21:47:16 INFO  com.npav.net.tests.HomePageTest - Fetched current URL: https://npav.net/
2025-12-23 21:47:16 INFO  com.npav.net.tests.HomePageTest - Assertion passed: Current URL matched expected value
2025-12-23 21:47:16 INFO  com.npav.net.tests.HomePageTest - ===== Completed verifyCurrentUrl Test =====
2025-12-23 21:48:59 INFO  com.npav.net.tests.HomePageTest - ===== Starting verifyCurrentUrl Test =====
2025-12-23 21:48:59 INFO  com.npav.net.tests.HomePageTest - Fetched current URL: https://npav.net/
2025-12-23 21:48:59 INFO  com.npav.net.tests.HomePageTest - Assertion passed: Current URL matched expected value
2025-12-23 21:48:59 INFO  com.npav.net.tests.HomePageTest - ===== Completed verifyCurrentUrl Test =====
2025-12-23 22:02:45 INFO  com.npav.net.tests.HomePageTest - ===== Starting verifyCurrentUrl Test =====
2025-12-23 22:02:45 INFO  com.npav.net.tests.HomePageTest - Fetched current URL: https://npav.net/
2025-12-23 22:02:45 INFO  com.npav.net.tests.HomePageTest - Assertion passed: Current URL matched expected value
2025-12-23 22:02:45 INFO  com.npav.net.tests.HomePageTest - ===== Completed verifyCurrentUrl Test =====
2025-12-23 22:04:45 INFO  com.npav.net.tests.HomePageTest - ===== Starting verifyCurrentUrl Test =====
2025-12-23 22:04:45 INFO  com.npav.net.tests.HomePageTest - Fetched current URL: https://npav.net/
2025-12-23 22:04:45 INFO  com.npav.net.tests.HomePageTest - Assertion passed: Current URL matched expected value
2025-12-23 22:04:45 INFO  com.npav.net.tests.HomePageTest - ===== Completed verifyCurrentUrl Test =====
2025-12-23 22:04:45 INFO  com.npav.net.tests.HomePageTest - ===== Starting verifyHomePageTitle Test =====
2025-12-23 22:04:45 INFO  com.npav.net.tests.HomePageTest - Fetched page title: Best Antivirus for Your PC | Net Protector Antivirus
2025-12-23 22:04:45 INFO  com.npav.net.tests.HomePageTest - Assertion passed: Title contains expected text
2025-12-23 22:04:45 INFO  com.npav.net.tests.HomePageTest - ===== Completed verifyHomePageTitle Test =====
